To honour the JVM settings for this build a single-use Daemon process will be forked. For more on this, please refer to https://docs.gradle.org/8.7/userguide/gradle_daemon.html#sec:disabling_the_daemon in the Gradle documentation.
Daemon will be stopped at the end of the build 
> Task :app:clean
> Task :app:preBuild UP-TO-DATE
> Task :app:preDebugBuild UP-TO-DATE
> Task :app:mergeDebugNativeDebugMetadata NO-SOURCE
> Task :app:checkKotlinGradlePluginConfigurationErrors
> Task :app:generateDebugResValues
> Task :app:dataBindingMergeDependencyArtifactsDebug
> Task :app:generateDebugResources
> Task :app:packageDebugResources
> Task :app:parseDebugLocalResources
> Task :app:dataBindingTriggerDebug
> Task :app:checkDebugAarMetadata
> Task :app:mapDebugSourceSetPaths
> Task :app:createDebugCompatibleScreenManifests
> Task :app:extractDeepLinksDebug
> Task :app:mergeDebugResources

> Task :app:processDebugMainManifest
/workspaces/Auto-Math-Tapper/app/src/main/AndroidManifest.xml:8:5-76 Warning:
	Element uses-permission#android.permission.FOREGROUND_SERVICE at AndroidManifest.xml:8:5-76 duplicated with element declared at AndroidManifest.xml:4:5-77
/workspaces/Auto-Math-Tapper/app/src/main/AndroidManifest.xml:9:5-93 Warning:
	Element uses-permission#android.permission.FOREGROUND_SERVICE_MEDIA_PROJECTION at AndroidManifest.xml:9:5-93 duplicated with element declared at AndroidManifest.xml:2:5-94

> Task :app:dataBindingGenBaseClassesDebug
> Task :app:processDebugManifest
> Task :app:processDebugManifestForPackage
> Task :app:javaPreCompileDebug
> Task :app:mergeDebugShaders
> Task :app:compileDebugShaders NO-SOURCE
> Task :app:generateDebugAssets UP-TO-DATE
> Task :app:mergeDebugAssets
> Task :app:compressDebugAssets
> Task :app:checkDebugDuplicateClasses
> Task :app:desugarDebugFileDependencies
> Task :app:mergeDebugStartupProfile UP-TO-DATE
> Task :app:processDebugResources
> Task :app:mergeExtDexDebug
> Task :app:kaptGenerateStubsDebugKotlin FAILED

FAILURE: Build failed with an exception.

* What went wrong:
Execution failed for task ':app:kaptGenerateStubsDebugKotlin'.
> Inconsistent JVM-target compatibility detected for tasks 'compileDebugJavaWithJavac' (1.8) and 'kaptGenerateStubsDebugKotlin' (17).
  
  Consider using JVM Toolchain: https://kotl.in/gradle/jvm/toolchain
  Learn more about JVM-target validation: https://kotl.in/gradle/jvm/target-validation 

* Try:
> Run with --stacktrace option to get the stack trace.
> Run with --info or --debug option to get more log output.
> Run with --scan to get full insights.
> Get more help at https://help.gradle.org.

BUILD FAILED in 58s
27 actionable tasks: 26 executed, 1 up-to-date
