To honour the JVM settings for this build a single-use Daemon process will be forked. For more on this, please refer to https://docs.gradle.org/8.7/userguide/gradle_daemon.html#sec:disabling_the_daemon in the Gradle documentation.
Daemon will be stopped at the end of the build 
> Task :app:clean
> Task :app:preBuild UP-TO-DATE
> Task :app:preDebugBuild UP-TO-DATE
> Task :app:mergeDebugNativeDebugMetadata NO-SOURCE
> Task :app:checkKotlinGradlePluginConfigurationErrors
> Task :app:generateDebugResValues
> Task :app:dataBindingMergeDependencyArtifactsDebug
> Task :app:generateDebugResources
> Task :app:packageDebugResources
> Task :app:parseDebugLocalResources
> Task :app:dataBindingTriggerDebug
> Task :app:checkDebugAarMetadata
> Task :app:mapDebugSourceSetPaths
> Task :app:createDebugCompatibleScreenManifests
> Task :app:extractDeepLinksDebug
> Task :app:mergeDebugResources

> Task :app:processDebugMainManifest
/workspaces/Auto-Math-Tapper/app/src/main/AndroidManifest.xml:8:5-76 Warning:
	Element uses-permission#android.permission.FOREGROUND_SERVICE at AndroidManifest.xml:8:5-76 duplicated with element declared at AndroidManifest.xml:4:5-77
/workspaces/Auto-Math-Tapper/app/src/main/AndroidManifest.xml:9:5-93 Warning:
	Element uses-permission#android.permission.FOREGROUND_SERVICE_MEDIA_PROJECTION at AndroidManifest.xml:9:5-93 duplicated with element declared at AndroidManifest.xml:2:5-94

> Task :app:dataBindingGenBaseClassesDebug
> Task :app:processDebugManifest
> Task :app:processDebugManifestForPackage
> Task :app:javaPreCompileDebug
> Task :app:mergeDebugShaders
> Task :app:compileDebugShaders NO-SOURCE
> Task :app:generateDebugAssets UP-TO-DATE
> Task :app:mergeDebugAssets
> Task :app:compressDebugAssets
> Task :app:checkDebugDuplicateClasses
> Task :app:desugarDebugFileDependencies
> Task :app:mergeDebugStartupProfile UP-TO-DATE
> Task :app:processDebugResources
> Task :app:mergeExtDexDebug
